<?xml version="1.0" encoding="UTF-8"?>
<!-- Generated by org.testng.reporters.JUnitReportReporter -->
<testsuite hostname="LAPTOP-L9LRL5DH" failures="0" tests="1" name="tcs.com.Mavenjava.Day1" time="0.012" errors="0" timestamp="2020-07-21T20:56:03 IST" skipped="0">
  <testcase classname="tcs.com.Mavenjava.Day1" name="Demo" time="0.012"/>
  <system-out/>
</testsuite> <!-- tcs.com.Mavenjava.Day1 -->
