<?xml version="1.0" encoding="UTF-8"?>
<!-- Generated by org.testng.reporters.JUnitReportReporter -->
<testsuite hostname="LAPTOP-L9LRL5DH" failures="0" tests="1" name="tcs.com.Mavenjava.Day2Test" time="0.001" errors="0" timestamp="2020-07-21T21:18:36 IST" skipped="0">
  <testcase classname="tcs.com.Mavenjava.Day2Test" name="Demo2" time="0.001"/>
  <system-out/>
</testsuite> <!-- tcs.com.Mavenjava.Day2Test -->
