<?xml version="1.0" encoding="UTF-8"?>
<!-- Generated by org.testng.reporters.JUnitReportReporter -->
<testsuite hostname="LAPTOP-L9LRL5DH" failures="0" tests="2" name="tcs.com.Mavenjava.Day1Test" time="0.007" errors="0" timestamp="2020-07-21T21:18:36 IST" skipped="0">
  <testcase classname="tcs.com.Mavenjava.Day1Test" name="Demo" time="0.007"/>
  <system-out/>
  <testcase classname="tcs.com.Mavenjava.Day1Test" name="notToExecute" time="0.000"/>
  <system-out/>
</testsuite> <!-- tcs.com.Mavenjava.Day1Test -->
