<?xml version="1.0" encoding="UTF-8"?>
<!-- Generated by org.testng.reporters.JUnitReportReporter -->
<testsuite hostname="LAPTOP-L9LRL5DH" failures="0" tests="3" name="tcs.com.Mavenjava.Day3Test" time="0.002" errors="0" timestamp="2020-07-21T21:18:36 IST" skipped="0">
  <testcase classname="tcs.com.Mavenjava.Day3Test" name="mobileLoginCarLoan" time="0.000"/>
  <system-out/>
  <testcase classname="tcs.com.Mavenjava.Day3Test" name="webLoginCarLoan" time="0.002"/>
  <system-out/>
  <testcase classname="tcs.com.Mavenjava.Day3Test" name="LoginAPICarLoan" time="0.000"/>
  <system-out/>
</testsuite> <!-- tcs.com.Mavenjava.Day3Test -->
